<?xml version="1.0" encoding="UTF-8"?>
<!-- Generated by org.testng.reporters.JUnitReportReporter -->
<testsuite hostname="owners-MacBook-Pro.local" name="com.main.HelloWorld.HelloWorldTests" tests="1" failures="0" timestamp="3 Nov 2019 04:03:41 GMT" time="0.003" errors="0">
  <testcase name="test" time="0.003" classname="com.main.HelloWorld.HelloWorldTests"/>
</testsuite> <!-- com.main.HelloWorld.HelloWorldTests -->
