<?xml version="1.0" encoding="UTF-8"?>
<!-- Generated by org.testng.reporters.JUnitReportReporter -->
<testsuite hostname="owners-MacBook-Pro.local" name="com.main.HelloWorld.HelloWorldTest" tests="1" failures="0" timestamp="11 Dec 2019 00:52:23 GMT" time="0.001" errors="0">
  <testcase name="test" time="0.001" classname="com.main.HelloWorld.HelloWorldTest"/>
</testsuite> <!-- com.main.HelloWorld.HelloWorldTest -->
