<?xml version="1.0" encoding="UTF-8"?>
<!-- Generated by org.testng.reporters.JUnitReportReporter -->
<testsuite hostname="owners-MacBook-Pro.local" name="com.main.HelloWorld.Sample_Tests" tests="1" failures="0" timestamp="11 Dec 2019 00:52:28 GMT" time="0.002" errors="0">
  <testcase name="test" time="0.002" classname="com.main.HelloWorld.Sample_Tests"/>
</testsuite> <!-- com.main.HelloWorld.Sample_Tests -->
